<?xml version="1.0" encoding="UTF-8"?>
<testsuite xmlns:xsi="http://www.w3.org/2001/XMLSchema-instance" xsi:noNamespaceSchemaLocation="https://maven.apache.org/surefire/maven-surefire-plugin/xsd/surefire-test-report-3.0.xsd" version="3.0" name="com.infosys.demos.InfyCartApplicationTest" time="0.795" tests="1" errors="0" skipped="0" failures="0">
  <properties>
    <property name="java.specification.version" value="17"/>
    <property name="sun.jnu.encoding" value="UTF-8"/>
    <property name="java.class.path" value="/Users/aparnasreekumar/Desktop/infycart/target/test-classes:/Users/aparnasreekumar/Desktop/infycart/target/classes:/Users/aparnasreekumar/.m2/repository/junit/junit/4.13.2/junit-4.13.2.jar:/Users/aparnasreekumar/.m2/repository/org/hamcrest/hamcrest-core/1.3/hamcrest-core-1.3.jar:/Users/aparnasreekumar/.m2/repository/org/springframework/spring-core/4.0.4.RELEASE/spring-core-4.0.4.RELEASE.jar:/Users/aparnasreekumar/.m2/repository/commons-logging/commons-logging/1.1.3/commons-logging-1.1.3.jar:/Users/aparnasreekumar/.m2/repository/org/springframework/spring-context/4.0.4.RELEASE/spring-context-4.0.4.RELEASE.jar:/Users/aparnasreekumar/.m2/repository/org/springframework/spring-aop/4.0.4.RELEASE/spring-aop-4.0.4.RELEASE.jar:/Users/aparnasreekumar/.m2/repository/aopalliance/aopalliance/1.0/aopalliance-1.0.jar:/Users/aparnasreekumar/.m2/repository/org/springframework/spring-expression/4.0.4.RELEASE/spring-expression-4.0.4.RELEASE.jar:/Users/aparnasreekumar/.m2/repository/org/springframework/spring-beans/4.0.4.RELEASE/spring-beans-4.0.4.RELEASE.jar:/Users/aparnasreekumar/.m2/repository/mysql/mysql-connector-java/8.0.27/mysql-connector-java-8.0.27.jar:/Users/aparnasreekumar/.m2/repository/com/google/protobuf/protobuf-java/3.11.4/protobuf-java-3.11.4.jar:/Users/aparnasreekumar/.m2/repository/log4j/log4j/1.2.17/log4j-1.2.17.jar:"/>
    <property name="java.vm.vendor" value="Oracle Corporation"/>
    <property name="sun.arch.data.model" value="64"/>
    <property name="java.vendor.url" value="https://java.oracle.com/"/>
    <property name="os.name" value="Mac OS X"/>
    <property name="java.vm.specification.version" value="17"/>
    <property name="sun.java.launcher" value="SUN_STANDARD"/>
    <property name="user.country" value="IN"/>
    <property name="sun.boot.library.path" value="/Library/Java/JavaVirtualMachines/jdk-17.0.4.1.jdk/Contents/Home/lib"/>
    <property name="sun.java.command" value="/Users/aparnasreekumar/Desktop/infycart/target/surefire/surefirebooter-20230703113651367_3.jar /Users/aparnasreekumar/Desktop/infycart/target/surefire 2023-07-03T11-36-51_140-jvmRun1 surefire-20230703113651367_1tmp surefire_0-20230703113651367_2tmp"/>
    <property name="jdk.debug" value="release"/>
    <property name="surefire.test.class.path" value="/Users/aparnasreekumar/Desktop/infycart/target/test-classes:/Users/aparnasreekumar/Desktop/infycart/target/classes:/Users/aparnasreekumar/.m2/repository/junit/junit/4.13.2/junit-4.13.2.jar:/Users/aparnasreekumar/.m2/repository/org/hamcrest/hamcrest-core/1.3/hamcrest-core-1.3.jar:/Users/aparnasreekumar/.m2/repository/org/springframework/spring-core/4.0.4.RELEASE/spring-core-4.0.4.RELEASE.jar:/Users/aparnasreekumar/.m2/repository/commons-logging/commons-logging/1.1.3/commons-logging-1.1.3.jar:/Users/aparnasreekumar/.m2/repository/org/springframework/spring-context/4.0.4.RELEASE/spring-context-4.0.4.RELEASE.jar:/Users/aparnasreekumar/.m2/repository/org/springframework/spring-aop/4.0.4.RELEASE/spring-aop-4.0.4.RELEASE.jar:/Users/aparnasreekumar/.m2/repository/aopalliance/aopalliance/1.0/aopalliance-1.0.jar:/Users/aparnasreekumar/.m2/repository/org/springframework/spring-expression/4.0.4.RELEASE/spring-expression-4.0.4.RELEASE.jar:/Users/aparnasreekumar/.m2/repository/org/springframework/spring-beans/4.0.4.RELEASE/spring-beans-4.0.4.RELEASE.jar:/Users/aparnasreekumar/.m2/repository/mysql/mysql-connector-java/8.0.27/mysql-connector-java-8.0.27.jar:/Users/aparnasreekumar/.m2/repository/com/google/protobuf/protobuf-java/3.11.4/protobuf-java-3.11.4.jar:/Users/aparnasreekumar/.m2/repository/log4j/log4j/1.2.17/log4j-1.2.17.jar:"/>
    <property name="sun.cpu.endian" value="little"/>
    <property name="user.home" value="/Users/aparnasreekumar"/>
    <property name="user.language" value="en"/>
    <property name="java.specification.vendor" value="Oracle Corporation"/>
    <property name="java.version.date" value="2022-08-18"/>
    <property name="java.home" value="/Library/Java/JavaVirtualMachines/jdk-17.0.4.1.jdk/Contents/Home"/>
    <property name="file.separator" value="/"/>
    <property name="basedir" value="/Users/aparnasreekumar/Desktop/infycart"/>
    <property name="java.vm.compressedOopsMode" value="Zero based"/>
    <property name="line.separator" value="&#10;"/>
    <property name="java.vm.specification.vendor" value="Oracle Corporation"/>
    <property name="java.specification.name" value="Java Platform API Specification"/>
    <property name="surefire.real.class.path" value="/Users/aparnasreekumar/Desktop/infycart/target/surefire/surefirebooter-20230703113651367_3.jar"/>
    <property name="sun.management.compiler" value="HotSpot 64-Bit Tiered Compilers"/>
    <property name="java.runtime.version" value="17.0.4.1+1-LTS-2"/>
    <property name="user.name" value="aparnasreekumar"/>
    <property name="path.separator" value=":"/>
    <property name="os.version" value="13.3.1"/>
    <property name="java.runtime.name" value="Java(TM) SE Runtime Environment"/>
    <property name="file.encoding" value="UTF-8"/>
    <property name="java.vm.name" value="Java HotSpot(TM) 64-Bit Server VM"/>
    <property name="localRepository" value="/Users/aparnasreekumar/.m2/repository"/>
    <property name="java.vendor.url.bug" value="https://bugreport.java.com/bugreport/"/>
    <property name="java.io.tmpdir" value="/var/folders/5l/8khhlgqn7mx7vjrqmfhxhmy40000gn/T/"/>
    <property name="java.version" value="17.0.4.1"/>
    <property name="user.dir" value="/Users/aparnasreekumar/Desktop/infycart"/>
    <property name="os.arch" value="x86_64"/>
    <property name="java.vm.specification.name" value="Java Virtual Machine Specification"/>
    <property name="native.encoding" value="UTF-8"/>
    <property name="java.library.path" value="/Users/aparnasreekumar/Library/Java/Extensions:/Library/Java/Extensions:/Network/Library/Java/Extensions:/System/Library/Java/Extensions:/usr/lib/java:."/>
    <property name="java.vm.info" value="mixed mode, sharing"/>
    <property name="java.vendor" value="Oracle Corporation"/>
    <property name="java.vm.version" value="17.0.4.1+1-LTS-2"/>
    <property name="sun.io.unicode.encoding" value="UnicodeBig"/>
    <property name="java.class.version" value="61.0"/>
  </properties>
  <testcase name="testGetConnection" classname="com.infosys.demos.InfyCartApplicationTest" time="0.7">
    <system-out><![CDATA[executed
]]></system-out>
  </testcase>
</testsuite>